
*** Running vivado
    with args -log lab10.vdi -applog -m64 -product Vivado -messageDb vivado.pb -mode batch -source lab10.tcl -notrace


****** Vivado v2019.1 (64-bit)
  **** SW Build 2552052 on Fri May 24 14:49:42 MDT 2019
  **** IP Build 2548770 on Fri May 24 18:01:18 MDT 2019
    ** Copyright 1986-2019 Xilinx, Inc. All Rights Reserved.

source lab10.tcl -notrace
Command: link_design -top lab10 -part xc7a35ticsg324-1L
Design is defaulting to srcset: sources_1
Design is defaulting to constrset: constrs_1
INFO: [Device 21-403] Loading part xc7a35ticsg324-1L
INFO: [Netlist 29-17] Analyzing 1676 Unisim elements for replacement
INFO: [Netlist 29-28] Unisim Transformation completed in 0 CPU seconds
INFO: [Project 1-479] Netlist was created with Vivado 2019.1
INFO: [Project 1-570] Preparing netlist for logic optimization
Parsing XDC File [C:/Users/Shlab_02/Downloads/Lab10_110550044/Lab10_110550044.srcs/constrs_1/lab10.xdc]
Finished Parsing XDC File [C:/Users/Shlab_02/Downloads/Lab10_110550044/Lab10_110550044.srcs/constrs_1/lab10.xdc]
INFO: [Opt 31-138] Pushed 0 inverter(s) to 0 load pin(s).
Netlist sorting complete. Time (s): cpu = 00:00:00 ; elapsed = 00:00:00.007 . Memory (MB): peak = 697.023 ; gain = 0.000
INFO: [Project 1-111] Unisim Transformation Summary:
  A total of 1296 instances were transformed.
  RAM256X1S => RAM256X1S (MUXF7, MUXF7, MUXF8, RAMS64E, RAMS64E, RAMS64E, RAMS64E): 1296 instances

7 Infos, 0 Warnings, 0 Critical Warnings and 0 Errors encountered.
link_design completed successfully
link_design: Time (s): cpu = 00:00:07 ; elapsed = 00:00:08 . Memory (MB): peak = 697.023 ; gain = 405.922
Command: opt_design
Attempting to get a license for feature 'Implementation' and/or device 'xc7a35ti'
INFO: [Common 17-349] Got license for feature 'Implementation' and/or device 'xc7a35ti'
Running DRC as a precondition to command opt_design

Starting DRC Task
INFO: [DRC 23-27] Running DRC with 2 threads
INFO: [Project 1-461] DRC finished with 0 Errors
INFO: [Project 1-462] Please refer to the DRC report (report_drc) for more information.

Time (s): cpu = 00:00:01 ; elapsed = 00:00:00.578 . Memory (MB): peak = 713.996 ; gain = 16.973

Starting Cache Timing Information Task
INFO: [Timing 38-35] Done setting XDC timing constraints.
Ending Cache Timing Information Task | Checksum: 30b1c144

Time (s): cpu = 00:00:08 ; elapsed = 00:00:09 . Memory (MB): peak = 1259.590 ; gain = 545.594

Starting Logic Optimization Task

Phase 1 Retarget
INFO: [Opt 31-138] Pushed 1 inverter(s) to 24 load pin(s).
INFO: [Opt 31-49] Retargeted 0 cell(s).
Phase 1 Retarget | Checksum: 16ba622a1

Time (s): cpu = 00:00:01 ; elapsed = 00:00:00.498 . Memory (MB): peak = 1405.000 ; gain = 0.043
INFO: [Opt 31-389] Phase Retarget created 0 cells and removed 2 cells

Phase 2 Constant propagation
INFO: [Opt 31-138] Pushed 0 inverter(s) to 0 load pin(s).
Phase 2 Constant propagation | Checksum: 1677bed11

Time (s): cpu = 00:00:01 ; elapsed = 00:00:00.525 . Memory (MB): peak = 1405.000 ; gain = 0.043
INFO: [Opt 31-389] Phase Constant propagation created 0 cells and removed 0 cells

Phase 3 Sweep
Phase 3 Sweep | Checksum: 12fa0613a

Time (s): cpu = 00:00:01 ; elapsed = 00:00:00.614 . Memory (MB): peak = 1405.000 ; gain = 0.043
INFO: [Opt 31-389] Phase Sweep created 0 cells and removed 1 cells

Phase 4 BUFG optimization
Phase 4 BUFG optimization | Checksum: 12fa0613a

Time (s): cpu = 00:00:01 ; elapsed = 00:00:01 . Memory (MB): peak = 1405.000 ; gain = 0.043
INFO: [Opt 31-662] Phase BUFG optimization created 0 cells of which 0 are BUFGs and removed 0 cells.

Phase 5 Shift Register Optimization
INFO: [Opt 31-1064] SRL Remap converted 0 SRLs to 0 registers and converted 0 registers of register chains to 0 SRLs
Phase 5 Shift Register Optimization | Checksum: 12fa0613a

Time (s): cpu = 00:00:01 ; elapsed = 00:00:01 . Memory (MB): peak = 1405.000 ; gain = 0.043
INFO: [Opt 31-389] Phase Shift Register Optimization created 0 cells and removed 0 cells

Phase 6 Post Processing Netlist
Phase 6 Post Processing Netlist | Checksum: 12fa0613a

Time (s): cpu = 00:00:01 ; elapsed = 00:00:01 . Memory (MB): peak = 1405.000 ; gain = 0.043
INFO: [Opt 31-389] Phase Post Processing Netlist created 0 cells and removed 0 cells
Opt_design Change Summary
=========================


-------------------------------------------------------------------------------------------------------------------------
|  Phase                        |  #Cells created  |  #Cells Removed  |  #Constrained objects preventing optimizations  |
-------------------------------------------------------------------------------------------------------------------------
|  Retarget                     |               0  |               2  |                                              0  |
|  Constant propagation         |               0  |               0  |                                              0  |
|  Sweep                        |               0  |               1  |                                              0  |
|  BUFG optimization            |               0  |               0  |                                              0  |
|  Shift Register Optimization  |               0  |               0  |                                              0  |
|  Post Processing Netlist      |               0  |               0  |                                              0  |
-------------------------------------------------------------------------------------------------------------------------



Starting Connectivity Check Task

Time (s): cpu = 00:00:00 ; elapsed = 00:00:00.004 . Memory (MB): peak = 1405.000 ; gain = 0.000
Ending Logic Optimization Task | Checksum: 14409ccd4

Time (s): cpu = 00:00:01 ; elapsed = 00:00:01 . Memory (MB): peak = 1405.000 ; gain = 0.043

Starting Power Optimization Task
INFO: [Pwropt 34-132] Skipping clock gating for clocks with a period < 2.00 ns.
INFO: [Timing 38-35] Done setting XDC timing constraints.
INFO: [Pwropt 34-9] Applying IDT optimizations ...
INFO: [Pwropt 34-10] Applying ODC optimizations ...
INFO: [Physopt 32-619] Estimated Timing Summary | WNS=4.421 | TNS=0.000 |
Running Vector-less Activity Propagation...

Finished Running Vector-less Activity Propagation


Starting PowerOpt Patch Enables Task
INFO: [Pwropt 34-162] WRITE_MODE attribute of 0 BRAM(s) out of a total of 48 has been updated to save power. Run report_power_opt to get a complete listing of the BRAMs updated.
INFO: [Pwropt 34-201] Structural ODC has moved 0 WE to EN ports
Number of BRAM Ports augmented: 12 newly gated: 0 Total Ports: 96
Number of Flops added for Enable Generation: 1

Ending PowerOpt Patch Enables Task | Checksum: e13046c1

Time (s): cpu = 00:00:00 ; elapsed = 00:00:00.221 . Memory (MB): peak = 1664.367 ; gain = 0.000
Ending Power Optimization Task | Checksum: e13046c1

Time (s): cpu = 00:00:10 ; elapsed = 00:00:07 . Memory (MB): peak = 1664.367 ; gain = 259.367

Starting Final Cleanup Task

Starting Logic Optimization Task
INFO: [Timing 38-35] Done setting XDC timing constraints.
Ending Logic Optimization Task | Checksum: 17804a0d1

Time (s): cpu = 00:00:02 ; elapsed = 00:00:01 . Memory (MB): peak = 1664.367 ; gain = 0.000
Ending Final Cleanup Task | Checksum: 17804a0d1

Time (s): cpu = 00:00:04 ; elapsed = 00:00:03 . Memory (MB): peak = 1664.367 ; gain = 0.000

Starting Netlist Obfuscation Task
Netlist sorting complete. Time (s): cpu = 00:00:00 ; elapsed = 00:00:00.006 . Memory (MB): peak = 1664.367 ; gain = 0.000
Ending Netlist Obfuscation Task | Checksum: 17804a0d1

Time (s): cpu = 00:00:00 ; elapsed = 00:00:00.006 . Memory (MB): peak = 1664.367 ; gain = 0.000
INFO: [Common 17-83] Releasing license: Implementation
31 Infos, 0 Warnings, 0 Critical Warnings and 0 Errors encountered.
opt_design completed successfully
opt_design: Time (s): cpu = 00:00:27 ; elapsed = 00:00:22 . Memory (MB): peak = 1664.367 ; gain = 967.344
Netlist sorting complete. Time (s): cpu = 00:00:00 ; elapsed = 00:00:00.006 . Memory (MB): peak = 1664.367 ; gain = 0.000
INFO: [Timing 38-480] Writing timing data to binary archive.
Writing placer database...
Writing XDEF routing.
Writing XDEF routing logical nets.
Writing XDEF routing special nets.
Write XDEF Complete: Time (s): cpu = 00:00:00 ; elapsed = 00:00:00.030 . Memory (MB): peak = 1664.367 ; gain = 0.000
INFO: [Common 17-1381] The checkpoint 'C:/Users/Shlab_02/Downloads/Lab10_110550044/Lab10_110550044.runs/impl_1/lab10_opt.dcp' has been generated.
INFO: [runtcl-4] Executing : report_drc -file lab10_drc_opted.rpt -pb lab10_drc_opted.pb -rpx lab10_drc_opted.rpx
Command: report_drc -file lab10_drc_opted.rpt -pb lab10_drc_opted.pb -rpx lab10_drc_opted.rpx
INFO: [IP_Flow 19-234] Refreshing IP repositories
INFO: [IP_Flow 19-1704] No user IP repositories specified
INFO: [IP_Flow 19-2313] Loaded Vivado IP repository 'C:/Xilinx2019/Vivado/2019.1/data/ip'.
INFO: [DRC 23-27] Running DRC with 2 threads
INFO: [Coretcl 2-168] The results of DRC are in file C:/Users/Shlab_02/Downloads/Lab10_110550044/Lab10_110550044.runs/impl_1/lab10_drc_opted.rpt.
report_drc completed successfully
Command: place_design
Attempting to get a license for feature 'Implementation' and/or device 'xc7a35ti'
INFO: [Common 17-349] Got license for feature 'Implementation' and/or device 'xc7a35ti'
INFO: [DRC 23-27] Running DRC with 2 threads
INFO: [Vivado_Tcl 4-198] DRC finished with 0 Errors
INFO: [Vivado_Tcl 4-199] Please refer to the DRC report (report_drc) for more information.
Running DRC as a precondition to command place_design
INFO: [DRC 23-27] Running DRC with 2 threads
INFO: [Vivado_Tcl 4-198] DRC finished with 0 Errors
INFO: [Vivado_Tcl 4-199] Please refer to the DRC report (report_drc) for more information.

Starting Placer Task
INFO: [Place 30-611] Multithreading enabled for place_design using a maximum of 2 CPUs

Phase 1 Placer Initialization

Phase 1.1 Placer Initialization Netlist Sorting
Netlist sorting complete. Time (s): cpu = 00:00:00 ; elapsed = 00:00:00.006 . Memory (MB): peak = 1664.367 ; gain = 0.000
Phase 1.1 Placer Initialization Netlist Sorting | Checksum: c091534c

Time (s): cpu = 00:00:00 ; elapsed = 00:00:00.013 . Memory (MB): peak = 1664.367 ; gain = 0.000
Netlist sorting complete. Time (s): cpu = 00:00:00 ; elapsed = 00:00:00.007 . Memory (MB): peak = 1664.367 ; gain = 0.000

Phase 1.2 IO Placement/ Clock Placement/ Build Placer Device
WARNING: [Place 30-87] Partially locked IO Bus is found. Following components of the IO Bus usr_sw are not locked:  'usr_sw[2]'  'usr_sw[1]'  'usr_sw[0]' 
INFO: [Timing 38-35] Done setting XDC timing constraints.
Phase 1.2 IO Placement/ Clock Placement/ Build Placer Device | Checksum: f33f009e

Time (s): cpu = 00:00:03 ; elapsed = 00:00:02 . Memory (MB): peak = 1664.367 ; gain = 0.000

Phase 1.3 Build Placer Netlist Model
Phase 1.3 Build Placer Netlist Model | Checksum: 169cb2adc

Time (s): cpu = 00:00:08 ; elapsed = 00:00:05 . Memory (MB): peak = 1664.367 ; gain = 0.000

Phase 1.4 Constrain Clocks/Macros
Phase 1.4 Constrain Clocks/Macros | Checksum: 169cb2adc

Time (s): cpu = 00:00:08 ; elapsed = 00:00:05 . Memory (MB): peak = 1664.367 ; gain = 0.000
Phase 1 Placer Initialization | Checksum: 169cb2adc

Time (s): cpu = 00:00:08 ; elapsed = 00:00:05 . Memory (MB): peak = 1664.367 ; gain = 0.000

Phase 2 Global Placement

Phase 2.1 Floorplanning
Phase 2.1 Floorplanning | Checksum: 17c00a898

Time (s): cpu = 00:00:09 ; elapsed = 00:00:06 . Memory (MB): peak = 1664.367 ; gain = 0.000

Phase 2.2 Global Placement Core

Phase 2.2.1 Physical Synthesis In Placer
INFO: [Physopt 32-65] No nets found for high-fanout optimization.
INFO: [Physopt 32-232] Optimized 0 net. Created 0 new instance.
INFO: [Physopt 32-775] End 1 Pass. Optimized 0 net or cell. Created 0 new cell, deleted 0 existing cell and moved 0 existing cell
INFO: [Physopt 32-670] No setup violation found.  DSP Register Optimization was not performed.
INFO: [Physopt 32-670] No setup violation found.  Shift Register Optimization was not performed.
INFO: [Physopt 32-670] No setup violation found.  BRAM Register Optimization was not performed.
INFO: [Physopt 32-949] No candidate nets found for HD net replication
INFO: [Physopt 32-775] End 1 Pass. Optimized 0 net or cell. Created 0 new cell, deleted 0 existing cell and moved 0 existing cell
Netlist sorting complete. Time (s): cpu = 00:00:00 ; elapsed = 00:00:00.006 . Memory (MB): peak = 1664.367 ; gain = 0.000

Summary of Physical Synthesis Optimizations
============================================


----------------------------------------------------------------------------------------------------------------------------------------
|  Optimization                  |  Added Cells  |  Removed Cells  |  Optimized Cells/Nets  |  Dont Touch  |  Iterations  |  Elapsed   |
----------------------------------------------------------------------------------------------------------------------------------------
|  Very High Fanout              |            0  |              0  |                     0  |           0  |           1  |  00:00:00  |
|  DSP Register                  |            0  |              0  |                     0  |           0  |           0  |  00:00:00  |
|  Shift Register                |            0  |              0  |                     0  |           0  |           0  |  00:00:00  |
|  BRAM Register                 |            0  |              0  |                     0  |           0  |           0  |  00:00:00  |
|  HD Interface Net Replication  |            0  |              0  |                     0  |           0  |           1  |  00:00:00  |
|  Total                         |            0  |              0  |                     0  |           0  |           2  |  00:00:00  |
----------------------------------------------------------------------------------------------------------------------------------------


Phase 2.2.1 Physical Synthesis In Placer | Checksum: 7eb137b5

Time (s): cpu = 00:00:21 ; elapsed = 00:00:13 . Memory (MB): peak = 1664.367 ; gain = 0.000
Phase 2.2 Global Placement Core | Checksum: 168944e2c

Time (s): cpu = 00:00:22 ; elapsed = 00:00:14 . Memory (MB): peak = 1664.367 ; gain = 0.000
Phase 2 Global Placement | Checksum: 168944e2c

Time (s): cpu = 00:00:22 ; elapsed = 00:00:14 . Memory (MB): peak = 1664.367 ; gain = 0.000

Phase 3 Detail Placement

Phase 3.1 Commit Multi Column Macros
Phase 3.1 Commit Multi Column Macros | Checksum: 15536a711

Time (s): cpu = 00:00:24 ; elapsed = 00:00:15 . Memory (MB): peak = 1664.367 ; gain = 0.000

Phase 3.2 Commit Most Macros & LUTRAMs
Phase 3.2 Commit Most Macros & LUTRAMs | Checksum: 11cee9146

Time (s): cpu = 00:00:30 ; elapsed = 00:00:21 . Memory (MB): peak = 1664.367 ; gain = 0.000

Phase 3.3 Area Swap Optimization
Phase 3.3 Area Swap Optimization | Checksum: 13ea36fdf

Time (s): cpu = 00:00:31 ; elapsed = 00:00:21 . Memory (MB): peak = 1664.367 ; gain = 0.000

Phase 3.4 Pipeline Register Optimization
Phase 3.4 Pipeline Register Optimization | Checksum: 1b5107158

Time (s): cpu = 00:00:31 ; elapsed = 00:00:21 . Memory (MB): peak = 1664.367 ; gain = 0.000

Phase 3.5 Small Shape Detail Placement
Phase 3.5 Small Shape Detail Placement | Checksum: 1a43a3e15

Time (s): cpu = 00:00:32 ; elapsed = 00:00:22 . Memory (MB): peak = 1664.367 ; gain = 0.000

Phase 3.6 Re-assign LUT pins
Phase 3.6 Re-assign LUT pins | Checksum: af3e91fb

Time (s): cpu = 00:00:32 ; elapsed = 00:00:22 . Memory (MB): peak = 1664.367 ; gain = 0.000

Phase 3.7 Pipeline Register Optimization
Phase 3.7 Pipeline Register Optimization | Checksum: f8ed9a40

Time (s): cpu = 00:00:32 ; elapsed = 00:00:22 . Memory (MB): peak = 1664.367 ; gain = 0.000
Phase 3 Detail Placement | Checksum: f8ed9a40

Time (s): cpu = 00:00:32 ; elapsed = 00:00:22 . Memory (MB): peak = 1664.367 ; gain = 0.000

Phase 4 Post Placement Optimization and Clean-Up

Phase 4.1 Post Commit Optimization
INFO: [Timing 38-35] Done setting XDC timing constraints.

Phase 4.1.1 Post Placement Optimization
Post Placement Optimization Initialization | Checksum: 89cbb119

Phase 4.1.1.1 BUFG Insertion
INFO: [Place 46-56] BUFG insertion identified 0 candidate nets. Inserted BUFG: 0, Replicated BUFG Driver: 0, Skipped due to Placement/Routing Conflicts: 0, Skipped due to Timing Degradation: 0, Skipped due to Illegal Netlist: 0.
Phase 4.1.1.1 BUFG Insertion | Checksum: 89cbb119

Time (s): cpu = 00:00:36 ; elapsed = 00:00:25 . Memory (MB): peak = 1664.367 ; gain = 0.000
INFO: [Place 30-746] Post Placement Timing Summary WNS=1.303. For the most accurate timing information please run report_timing.
Phase 4.1.1 Post Placement Optimization | Checksum: 12288b07c

Time (s): cpu = 00:00:36 ; elapsed = 00:00:25 . Memory (MB): peak = 1664.367 ; gain = 0.000
Phase 4.1 Post Commit Optimization | Checksum: 12288b07c

Time (s): cpu = 00:00:36 ; elapsed = 00:00:25 . Memory (MB): peak = 1664.367 ; gain = 0.000

Phase 4.2 Post Placement Cleanup
Phase 4.2 Post Placement Cleanup | Checksum: 12288b07c

Time (s): cpu = 00:00:37 ; elapsed = 00:00:25 . Memory (MB): peak = 1664.367 ; gain = 0.000

Phase 4.3 Placer Reporting
Phase 4.3 Placer Reporting | Checksum: 12288b07c

Time (s): cpu = 00:00:37 ; elapsed = 00:00:25 . Memory (MB): peak = 1664.367 ; gain = 0.000

Phase 4.4 Final Placement Cleanup
Netlist sorting complete. Time (s): cpu = 00:00:00 ; elapsed = 00:00:00.006 . Memory (MB): peak = 1664.367 ; gain = 0.000
Phase 4.4 Final Placement Cleanup | Checksum: ef57da54

Time (s): cpu = 00:00:37 ; elapsed = 00:00:25 . Memory (MB): peak = 1664.367 ; gain = 0.000
Phase 4 Post Placement Optimization and Clean-Up | Checksum: ef57da54

Time (s): cpu = 00:00:37 ; elapsed = 00:00:25 . Memory (MB): peak = 1664.367 ; gain = 0.000
Ending Placer Task | Checksum: 09f16c6a

Time (s): cpu = 00:00:37 ; elapsed = 00:00:25 . Memory (MB): peak = 1664.367 ; gain = 0.000
INFO: [Common 17-83] Releasing license: Implementation
60 Infos, 1 Warnings, 0 Critical Warnings and 0 Errors encountered.
place_design completed successfully
place_design: Time (s): cpu = 00:00:38 ; elapsed = 00:00:26 . Memory (MB): peak = 1664.367 ; gain = 0.000
Netlist sorting complete. Time (s): cpu = 00:00:00 ; elapsed = 00:00:00.007 . Memory (MB): peak = 1664.367 ; gain = 0.000
INFO: [Timing 38-480] Writing timing data to binary archive.
Writing placer database...
Writing XDEF routing.
Writing XDEF routing logical nets.
Writing XDEF routing special nets.
Write XDEF Complete: Time (s): cpu = 00:00:02 ; elapsed = 00:00:00.766 . Memory (MB): peak = 1664.367 ; gain = 0.000
INFO: [Common 17-1381] The checkpoint 'C:/Users/Shlab_02/Downloads/Lab10_110550044/Lab10_110550044.runs/impl_1/lab10_placed.dcp' has been generated.
INFO: [runtcl-4] Executing : report_io -file lab10_io_placed.rpt
report_io: Time (s): cpu = 00:00:00 ; elapsed = 00:00:00.041 . Memory (MB): peak = 1664.367 ; gain = 0.000
INFO: [runtcl-4] Executing : report_utilization -file lab10_utilization_placed.rpt -pb lab10_utilization_placed.pb
INFO: [runtcl-4] Executing : report_control_sets -verbose -file lab10_control_sets_placed.rpt
report_control_sets: Time (s): cpu = 00:00:00 ; elapsed = 00:00:00.166 . Memory (MB): peak = 1664.367 ; gain = 0.000
Command: route_design
Attempting to get a license for feature 'Implementation' and/or device 'xc7a35ti'
INFO: [Common 17-349] Got license for feature 'Implementation' and/or device 'xc7a35ti'
Running DRC as a precondition to command route_design
INFO: [DRC 23-27] Running DRC with 2 threads
WARNING: [DRC PLIO-3] Placement Constraints Check for IO constraints: Partially locked IO Bus is found. Following components of the IO Bus usr_sw[3:0] are not locked:  usr_sw[2] usr_sw[1] usr_sw[0]
INFO: [Vivado_Tcl 4-198] DRC finished with 0 Errors, 1 Warnings
INFO: [Vivado_Tcl 4-199] Please refer to the DRC report (report_drc) for more information.


Starting Routing Task
INFO: [Route 35-254] Multithreading enabled for route_design using a maximum of 2 CPUs
Checksum: PlaceDB: 8fa412f ConstDB: 0 ShapeSum: f72b3b RouteDB: 0

Phase 1 Build RT Design
Phase 1 Build RT Design | Checksum: b64ee337

Time (s): cpu = 00:00:21 ; elapsed = 00:00:17 . Memory (MB): peak = 1664.367 ; gain = 0.000
Post Restoration Checksum: NetGraph: 36e11659 NumContArr: 7f6dccde Constraints: 0 Timing: 0

Phase 2 Router Initialization

Phase 2.1 Create Timer
Phase 2.1 Create Timer | Checksum: b64ee337

Time (s): cpu = 00:00:21 ; elapsed = 00:00:17 . Memory (MB): peak = 1664.367 ; gain = 0.000

Phase 2.2 Fix Topology Constraints
Phase 2.2 Fix Topology Constraints | Checksum: b64ee337

Time (s): cpu = 00:00:21 ; elapsed = 00:00:18 . Memory (MB): peak = 1664.367 ; gain = 0.000

Phase 2.3 Pre Route Cleanup
Phase 2.3 Pre Route Cleanup | Checksum: b64ee337

Time (s): cpu = 00:00:21 ; elapsed = 00:00:18 . Memory (MB): peak = 1664.367 ; gain = 0.000
 Number of Nodes with overlaps = 0

Phase 2.4 Update Timing
Phase 2.4 Update Timing | Checksum: 19a7c537c

Time (s): cpu = 00:00:27 ; elapsed = 00:00:21 . Memory (MB): peak = 1664.367 ; gain = 0.000
INFO: [Route 35-416] Intermediate Timing Summary | WNS=1.296  | TNS=0.000  | WHS=-0.238 | THS=-950.611|

Phase 2 Router Initialization | Checksum: 159c09b91

Time (s): cpu = 00:00:29 ; elapsed = 00:00:23 . Memory (MB): peak = 1664.367 ; gain = 0.000

Router Utilization Summary
  Global Vertical Routing Utilization    = 0.000956709 %
  Global Horizontal Routing Utilization  = 0.00182197 %
  Routable Net Status*
  *Does not include unroutable nets such as driverless and loadless.
  Run report_route_status for detailed report.
  Number of Failed Nets               = 2776
    (Failed Nets is the sum of unrouted and partially routed nets)
  Number of Unrouted Nets             = 2775
  Number of Partially Routed Nets     = 1
  Number of Node Overlaps             = 0


Phase 3 Initial Routing
Phase 3 Initial Routing | Checksum: 1bb3d5c8a

Time (s): cpu = 00:00:45 ; elapsed = 00:00:32 . Memory (MB): peak = 1664.367 ; gain = 0.000

Phase 4 Rip-up And Reroute

Phase 4.1 Global Iteration 0
 Number of Nodes with overlaps = 300
 Number of Nodes with overlaps = 53
 Number of Nodes with overlaps = 16
 Number of Nodes with overlaps = 1
 Number of Nodes with overlaps = 0
INFO: [Route 35-416] Intermediate Timing Summary | WNS=1.462  | TNS=0.000  | WHS=N/A    | THS=N/A    |

Phase 4.1 Global Iteration 0 | Checksum: 1702b246c

Time (s): cpu = 00:01:06 ; elapsed = 00:00:48 . Memory (MB): peak = 1669.965 ; gain = 5.598
Phase 4 Rip-up And Reroute | Checksum: 1702b246c

Time (s): cpu = 00:01:06 ; elapsed = 00:00:48 . Memory (MB): peak = 1669.965 ; gain = 5.598

Phase 5 Delay and Skew Optimization

Phase 5.1 Delay CleanUp

Phase 5.1.1 Update Timing
Phase 5.1.1 Update Timing | Checksum: 1e2460928

Time (s): cpu = 00:01:06 ; elapsed = 00:00:49 . Memory (MB): peak = 1669.965 ; gain = 5.598
INFO: [Route 35-416] Intermediate Timing Summary | WNS=1.469  | TNS=0.000  | WHS=N/A    | THS=N/A    |

Phase 5.1 Delay CleanUp | Checksum: 1e2460928

Time (s): cpu = 00:01:06 ; elapsed = 00:00:49 . Memory (MB): peak = 1669.965 ; gain = 5.598

Phase 5.2 Clock Skew Optimization
Phase 5.2 Clock Skew Optimization | Checksum: 1e2460928

Time (s): cpu = 00:01:06 ; elapsed = 00:00:49 . Memory (MB): peak = 1669.965 ; gain = 5.598
Phase 5 Delay and Skew Optimization | Checksum: 1e2460928

Time (s): cpu = 00:01:07 ; elapsed = 00:00:49 . Memory (MB): peak = 1669.965 ; gain = 5.598

Phase 6 Post Hold Fix

Phase 6.1 Hold Fix Iter

Phase 6.1.1 Update Timing
Phase 6.1.1 Update Timing | Checksum: 1b73a5768

Time (s): cpu = 00:01:08 ; elapsed = 00:00:49 . Memory (MB): peak = 1669.965 ; gain = 5.598
INFO: [Route 35-416] Intermediate Timing Summary | WNS=1.469  | TNS=0.000  | WHS=0.034  | THS=0.000  |

Phase 6.1 Hold Fix Iter | Checksum: 1237dab0f

Time (s): cpu = 00:01:08 ; elapsed = 00:00:50 . Memory (MB): peak = 1669.965 ; gain = 5.598
Phase 6 Post Hold Fix | Checksum: 1237dab0f

Time (s): cpu = 00:01:08 ; elapsed = 00:00:50 . Memory (MB): peak = 1669.965 ; gain = 5.598

Phase 7 Route finalize

Router Utilization Summary
  Global Vertical Routing Utilization    = 4.7314 %
  Global Horizontal Routing Utilization  = 4.6589 %
  Routable Net Status*
  *Does not include unroutable nets such as driverless and loadless.
  Run report_route_status for detailed report.
  Number of Failed Nets               = 0
    (Failed Nets is the sum of unrouted and partially routed nets)
  Number of Unrouted Nets             = 0
  Number of Partially Routed Nets     = 0
  Number of Node Overlaps             = 0

Phase 7 Route finalize | Checksum: 1527011a0

Time (s): cpu = 00:01:08 ; elapsed = 00:00:50 . Memory (MB): peak = 1669.965 ; gain = 5.598

Phase 8 Verifying routed nets

 Verification completed successfully
Phase 8 Verifying routed nets | Checksum: 1527011a0

Time (s): cpu = 00:01:08 ; elapsed = 00:00:50 . Memory (MB): peak = 1669.965 ; gain = 5.598

Phase 9 Depositing Routes
Phase 9 Depositing Routes | Checksum: 165f7577a

Time (s): cpu = 00:01:09 ; elapsed = 00:00:50 . Memory (MB): peak = 1669.965 ; gain = 5.598

Phase 10 Post Router Timing
INFO: [Route 35-57] Estimated Timing Summary | WNS=1.469  | TNS=0.000  | WHS=0.034  | THS=0.000  |

INFO: [Route 35-327] The final timing numbers are based on the router estimated timing analysis. For a complete and accurate timing signoff, please run report_timing_summary.
Phase 10 Post Router Timing | Checksum: 165f7577a

Time (s): cpu = 00:01:09 ; elapsed = 00:00:50 . Memory (MB): peak = 1669.965 ; gain = 5.598
INFO: [Route 35-16] Router Completed Successfully

Time (s): cpu = 00:01:09 ; elapsed = 00:00:50 . Memory (MB): peak = 1669.965 ; gain = 5.598

Routing Is Done.
INFO: [Common 17-83] Releasing license: Implementation
78 Infos, 2 Warnings, 0 Critical Warnings and 0 Errors encountered.
route_design completed successfully
route_design: Time (s): cpu = 00:01:11 ; elapsed = 00:00:51 . Memory (MB): peak = 1669.965 ; gain = 5.598
Netlist sorting complete. Time (s): cpu = 00:00:00 ; elapsed = 00:00:00.006 . Memory (MB): peak = 1669.965 ; gain = 0.000
INFO: [Timing 38-480] Writing timing data to binary archive.
Writing placer database...
Writing XDEF routing.
Writing XDEF routing logical nets.
Writing XDEF routing special nets.
Write XDEF Complete: Time (s): cpu = 00:00:02 ; elapsed = 00:00:00.973 . Memory (MB): peak = 1669.965 ; gain = 0.000
INFO: [Common 17-1381] The checkpoint 'C:/Users/Shlab_02/Downloads/Lab10_110550044/Lab10_110550044.runs/impl_1/lab10_routed.dcp' has been generated.
INFO: [runtcl-4] Executing : report_drc -file lab10_drc_routed.rpt -pb lab10_drc_routed.pb -rpx lab10_drc_routed.rpx
Command: report_drc -file lab10_drc_routed.rpt -pb lab10_drc_routed.pb -rpx lab10_drc_routed.rpx
INFO: [IP_Flow 19-1839] IP Catalog is up to date.
INFO: [DRC 23-27] Running DRC with 2 threads
INFO: [Coretcl 2-168] The results of DRC are in file C:/Users/Shlab_02/Downloads/Lab10_110550044/Lab10_110550044.runs/impl_1/lab10_drc_routed.rpt.
report_drc completed successfully
INFO: [runtcl-4] Executing : report_methodology -file lab10_methodology_drc_routed.rpt -pb lab10_methodology_drc_routed.pb -rpx lab10_methodology_drc_routed.rpx
Command: report_methodology -file lab10_methodology_drc_routed.rpt -pb lab10_methodology_drc_routed.pb -rpx lab10_methodology_drc_routed.rpx
INFO: [Timing 38-35] Done setting XDC timing constraints.
INFO: [DRC 23-133] Running Methodology with 2 threads
INFO: [Coretcl 2-1520] The results of Report Methodology are in file C:/Users/Shlab_02/Downloads/Lab10_110550044/Lab10_110550044.runs/impl_1/lab10_methodology_drc_routed.rpt.
report_methodology completed successfully
report_methodology: Time (s): cpu = 00:00:10 ; elapsed = 00:00:06 . Memory (MB): peak = 1763.469 ; gain = 93.312
INFO: [runtcl-4] Executing : report_power -file lab10_power_routed.rpt -pb lab10_power_summary_routed.pb -rpx lab10_power_routed.rpx
Command: report_power -file lab10_power_routed.rpt -pb lab10_power_summary_routed.pb -rpx lab10_power_routed.rpx
INFO: [Timing 38-35] Done setting XDC timing constraints.
Running Vector-less Activity Propagation...

Finished Running Vector-less Activity Propagation
90 Infos, 2 Warnings, 0 Critical Warnings and 0 Errors encountered.
report_power completed successfully
INFO: [runtcl-4] Executing : report_route_status -file lab10_route_status.rpt -pb lab10_route_status.pb
INFO: [runtcl-4] Executing : report_timing_summary -max_paths 10 -file lab10_timing_summary_routed.rpt -pb lab10_timing_summary_routed.pb -rpx lab10_timing_summary_routed.rpx -warn_on_violation 
INFO: [Timing 38-91] UpdateTimingParams: Speed grade: -1L, Delay Type: min_max.
INFO: [Timing 38-191] Multithreading enabled for timing update using a maximum of 2 CPUs
INFO: [runtcl-4] Executing : report_incremental_reuse -file lab10_incremental_reuse_routed.rpt
INFO: [Vivado_Tcl 4-1062] Incremental flow is disabled. No incremental reuse Info to report.
INFO: [runtcl-4] Executing : report_clock_utilization -file lab10_clock_utilization_routed.rpt
INFO: [runtcl-4] Executing : report_bus_skew -warn_on_violation -file lab10_bus_skew_routed.rpt -pb lab10_bus_skew_routed.pb -rpx lab10_bus_skew_routed.rpx
INFO: [Timing 38-91] UpdateTimingParams: Speed grade: -1L, Delay Type: min_max.
INFO: [Timing 38-191] Multithreading enabled for timing update using a maximum of 2 CPUs
Command: write_bitstream -force lab10.bit
Attempting to get a license for feature 'Implementation' and/or device 'xc7a35ti'
INFO: [Common 17-349] Got license for feature 'Implementation' and/or device 'xc7a35ti'
Running DRC as a precondition to command write_bitstream
INFO: [IP_Flow 19-1839] IP Catalog is up to date.
INFO: [DRC 23-27] Running DRC with 2 threads
INFO: [Vivado 12-3199] DRC finished with 0 Errors
INFO: [Vivado 12-3200] Please refer to the DRC report (report_drc) for more information.
INFO: [Designutils 20-2272] Running write_bitstream with 2 threads.
Loading data files...
Loading site data...
Loading route data...
Processing options...
Creating bitmap...
Creating bitstream...
Writing bitstream ./lab10.bit...
INFO: [Vivado 12-1842] Bitgen Completed Successfully.
INFO: [Project 1-120] WebTalk data collection is mandatory when using a WebPACK part without a full Vivado license. To see the specific WebTalk data collected for your design, open the usage_statistics_webtalk.html or usage_statistics_webtalk.xml file in the implementation directory.
INFO: [Common 17-186] 'C:/Users/Shlab_02/Downloads/Lab10_110550044/Lab10_110550044.runs/impl_1/usage_statistics_webtalk.xml' has been successfully sent to Xilinx on Mon Dec 12 16:25:10 2022. For additional details about this file, please refer to the WebTalk help file at C:/Xilinx2019/Vivado/2019.1/doc/webtalk_introduction.html.
INFO: [Common 17-83] Releasing license: Implementation
110 Infos, 2 Warnings, 0 Critical Warnings and 0 Errors encountered.
write_bitstream completed successfully
write_bitstream: Time (s): cpu = 00:00:21 ; elapsed = 00:00:19 . Memory (MB): peak = 2097.898 ; gain = 334.430
INFO: [Common 17-206] Exiting Vivado at Mon Dec 12 16:25:10 2022...
